<?xml version="1.0" encoding="UTF-8"?>
<!-- Generated by org.testng.reporters.JUnitReportReporter -->
<testsuite hostname="shanky-Lenovo-B40-70" name="IntegrationTests.tests.SavedConnectionsTest" tests="1" failures="0" timestamp="10 Apr 2015 05:20:54 GMT" time="153.693" errors="0">
  <testcase name="verifySavedConnectionsFeatures" time="153.693" classname="IntegrationTests.tests.SavedConnectionsTest"/>
</testsuite> <!-- IntegrationTests.tests.SavedConnectionsTest -->
