<?xml version="1.0" encoding="UTF-8"?>
<!-- Generated by org.testng.reporters.JUnitReportReporter -->
<testsuite hostname="Sanjit-pc" name="IntegrationTests.tests.LoginTest" tests="1" failures="0" timestamp="10 Apr 2015 10:14:29 GMT" time="112.885" errors="0">
  <testcase name="verifyLoginLogoutTest" time="112.885" classname="IntegrationTests.tests.LoginTest"/>
</testsuite> <!-- IntegrationTests.tests.LoginTest -->
