<?xml version="1.0" encoding="UTF-8"?>
<!-- Generated by org.testng.reporters.JUnitReportReporter -->
<testsuite hostname="shanky-Lenovo-B40-70" name="IntegrationTests.tests.payments.AddMoneyTest" tests="1" failures="0" timestamp="25 Apr 2015 11:58:13 GMT" time="54.545" errors="0">
  <testcase name="verifyAddMoney" time="54.545" classname="IntegrationTests.tests.payments.AddMoneyTest"/>
</testsuite> <!-- IntegrationTests.tests.payments.AddMoneyTest -->
