<?xml version="1.0" encoding="UTF-8"?>
<!-- Generated by org.testng.reporters.JUnitReportReporter -->
<testsuite hostname="Sanjit-pc" name="IntegrationTests.tests.InvalidLoginTest" tests="1" failures="0" timestamp="11 Apr 2015 07:23:15 GMT" time="97.336" errors="0">
  <testcase name="verifyInvalidLoginTest" time="97.336" classname="IntegrationTests.tests.InvalidLoginTest"/>
</testsuite> <!-- IntegrationTests.tests.InvalidLoginTest -->
