<?xml version="1.0" encoding="UTF-8"?>
<!-- Generated by org.testng.reporters.JUnitReportReporter -->
<testsuite hostname="Sanjit-pc" name="IntegrationTests.tests.payments.SavedConnectionsTest" tests="1" failures="0" timestamp="24 Apr 2015 07:16:19 GMT" time="175.282" errors="0">
  <testcase name="verifySavedConnectionsFeatures" time="175.282" classname="IntegrationTests.tests.payments.SavedConnectionsTest"/>
</testsuite> <!-- IntegrationTests.tests.payments.SavedConnectionsTest -->
