<?xml version="1.0" encoding="UTF-8"?>
<!-- Generated by org.testng.reporters.JUnitReportReporter -->
<testsuite hostname="shanky-Lenovo-B40-70" name="IntegrationTests.tests.payments.LoginTest" tests="1" failures="0" timestamp="17 Apr 2015 13:36:20 GMT" time="51.364" errors="0">
  <testcase name="verifyLoginLogoutTest" time="51.364" classname="IntegrationTests.tests.payments.LoginTest"/>
</testsuite> <!-- IntegrationTests.tests.payments.LoginTest -->
