<?xml version="1.0" encoding="UTF-8"?>
<!-- Generated by org.testng.reporters.JUnitReportReporter -->
<testsuite hostname="shanky-Lenovo-B40-70" name="IntegrationTests.tests.payments.InvalidLoginTest" tests="1" failures="0" timestamp="17 Apr 2015 13:36:20 GMT" time="49.759" errors="0">
  <testcase name="verifyInvalidLoginTest" time="49.759" classname="IntegrationTests.tests.payments.InvalidLoginTest"/>
</testsuite> <!-- IntegrationTests.tests.payments.InvalidLoginTest -->
