<?xml version="1.0" encoding="UTF-8"?>
<!-- Generated by org.testng.reporters.JUnitReportReporter -->
<testsuite hostname="shanky-Lenovo-B40-70" name="IntegrationTests.Tests.Payments.PaybackTest" tests="1" failures="0" timestamp="15 Jul 2015 05:01:04 GMT" time="130.389" errors="0">
  <testcase name="payback_RedeemZeroPoints" time="130.389" classname="IntegrationTests.Tests.Payments.PaybackTest"/>
</testsuite> <!-- IntegrationTests.Tests.Payments.PaybackTest -->
