<?xml version="1.0" encoding="UTF-8"?>
<!-- Generated by org.testng.reporters.JUnitReportReporter -->
<testsuite hostname="shanky-Lenovo-B40-70" name="IntegrationTests.Tests.LoginTest" tests="1" failures="0" timestamp="4 Aug 2015 06:16:57 GMT" time="106.598" errors="0">
  <testcase name="verifyShopwithWallet" time="106.598" classname="IntegrationTests.Tests.LoginTest"/>
</testsuite> <!-- IntegrationTests.Tests.LoginTest -->
