<?xml version="1.0" encoding="UTF-8"?>
<!-- Generated by org.testng.reporters.JUnitReportReporter -->
<testsuite hostname="shanky-Lenovo-B40-70" name="IntegrationTests.Tests.Payments.AddMoneyTest" tests="6" failures="0" timestamp="15 Jul 2015 05:01:04 GMT" time="1830.242" errors="0">
  <testcase name="verifyAddMoney_debitCard" time="600.650" classname="IntegrationTests.Tests.Payments.AddMoneyTest"/>
  <testcase name="verifyAddMoney_debitCard2" time="326.659" classname="IntegrationTests.Tests.Payments.AddMoneyTest"/>
  <testcase name="verifyAddMoneywithPromo_debitCard" time="215.355" classname="IntegrationTests.Tests.Payments.AddMoneyTest"/>
  <testcase name="verifyAddMoney_netBanking3" time="266.896" classname="IntegrationTests.Tests.Payments.AddMoneyTest"/>
  <testcase name="verifyAddMoney_savedCard" time="276.179" classname="IntegrationTests.Tests.Payments.AddMoneyTest"/>
  <testcase name="verifyAddMoney_deleteCard" time="144.503" classname="IntegrationTests.Tests.Payments.AddMoneyTest"/>
</testsuite> <!-- IntegrationTests.Tests.Payments.AddMoneyTest -->
