<?xml version="1.0" encoding="UTF-8"?>
<!-- Generated by org.testng.reporters.JUnitReportReporter -->
<testsuite hostname="harsimran" name="IntegrationTests.tests.payments.LoginTest" tests="1" failures="0" timestamp="29 Apr 2015 08:21:14 GMT" time="44.292" errors="0">
  <testcase name="verifyLoginLogoutTest" time="44.292" classname="IntegrationTests.tests.payments.LoginTest"/>
</testsuite> <!-- IntegrationTests.tests.payments.LoginTest -->
