<?xml version="1.0" encoding="UTF-8"?>
<!-- Generated by org.testng.reporters.JUnitReportReporter -->
<testsuite hostname="shanky-Lenovo-B40-70" name="IntegrationTests.Tests.Payments.CashPayTest" tests="1" failures="0" timestamp="15 Jul 2015 05:01:04 GMT" time="946.701" errors="0">
  <testcase name="cashPay_StaticText" time="946.701" classname="IntegrationTests.Tests.Payments.CashPayTest"/>
</testsuite> <!-- IntegrationTests.Tests.Payments.CashPayTest -->
