<?xml version="1.0" encoding="UTF-8"?>
<!-- Generated by org.testng.reporters.JUnitReportReporter -->
<testsuite hostname="shanky-Lenovo-B40-70" name="IntegrationTests.tests.payments.LoginTest" tests="2" failures="0" timestamp="22 Apr 2015 05:06:15 GMT" time="124.459" errors="0">
  <testcase name="verifyLoginLogoutTest" time="59.927" classname="IntegrationTests.tests.payments.LoginTest"/>
  <testcase name="verifyInvalidLoginTest" time="64.532" classname="IntegrationTests.tests.payments.LoginTest"/>
</testsuite> <!-- IntegrationTests.tests.payments.LoginTest -->
