<?xml version="1.0" encoding="UTF-8"?>
<!-- Generated by org.testng.reporters.JUnitReportReporter -->
<testsuite hostname="Sanjit-pc" name="IntegrationTests.tests.payments.LoginTest" tests="2" failures="0" timestamp="24 Apr 2015 07:16:19 GMT" time="160.258" errors="0">
  <testcase name="verifyLoginLogoutTest" time="73.909" classname="IntegrationTests.tests.payments.LoginTest"/>
  <testcase name="verifyInvalidLoginTest" time="86.349" classname="IntegrationTests.tests.payments.LoginTest"/>
</testsuite> <!-- IntegrationTests.tests.payments.LoginTest -->
