<?xml version="1.0" encoding="UTF-8"?>
<!-- Generated by org.testng.reporters.JUnitReportReporter -->
<testsuite hostname="Sanjit-pc" name="IntegrationTests.tests.SavedConnectionsTest" tests="1" failures="0" timestamp="10 Apr 2015 10:14:29 GMT" time="164.286" errors="0">
  <testcase name="verifySavedConnectionsFeatures" time="164.286" classname="IntegrationTests.tests.SavedConnectionsTest"/>
</testsuite> <!-- IntegrationTests.tests.SavedConnectionsTest -->
