<?xml version="1.0" encoding="UTF-8"?>
<!-- Generated by org.testng.reporters.JUnitReportReporter -->
<testsuite hostname="Sanjit-pc" name="IntegrationTests.tests.LoginTest" tests="1" failures="0" timestamp="10 Apr 2015 06:35:16 GMT" time="77.971" errors="0">
  <testcase name="verifyLoginLogoutTest" time="77.971" classname="IntegrationTests.tests.LoginTest"/>
</testsuite> <!-- IntegrationTests.tests.LoginTest -->
