<?xml version="1.0" encoding="UTF-8"?>
<!-- Generated by org.testng.reporters.JUnitReportReporter -->
<testsuite hostname="shanky-Lenovo-B40-70" name="IntegrationTests.Tests.Payments.Refer_EarnTest" tests="1" failures="0" timestamp="15 Jul 2015 05:01:04 GMT" time="179.799" errors="0">
  <testcase name="refer_earnAmount" time="179.799" classname="IntegrationTests.Tests.Payments.Refer_EarnTest"/>
</testsuite> <!-- IntegrationTests.Tests.Payments.Refer_EarnTest -->
