<?xml version="1.0" encoding="UTF-8"?>
<!-- Generated by org.testng.reporters.JUnitReportReporter -->
<testsuite hostname="shanky-Lenovo-B40-70" name="IntegrationTests.Tests.Payments.HomeScreenTest" tests="1" failures="0" timestamp="15 Jul 2015 05:01:04 GMT" time="119.530" errors="0">
  <testcase name="verifyWalletOffers_HomeScreen" time="119.530" classname="IntegrationTests.Tests.Payments.HomeScreenTest"/>
</testsuite> <!-- IntegrationTests.Tests.Payments.HomeScreenTest -->
