<?xml version="1.0" encoding="UTF-8"?>
<!-- Generated by org.testng.reporters.JUnitReportReporter -->
<testsuite hostname="shanky-Lenovo-B40-70" name="IntegrationTests.tests.payments.SavedConnectionsTest" tests="1" failures="0" timestamp="22 Apr 2015 05:06:15 GMT" time="145.313" errors="0">
  <testcase name="verifySavedConnectionsFeatures" time="145.313" classname="IntegrationTests.tests.payments.SavedConnectionsTest"/>
</testsuite> <!-- IntegrationTests.tests.payments.SavedConnectionsTest -->
