<?xml version="1.0" encoding="UTF-8"?>
<!-- Generated by org.testng.reporters.JUnitReportReporter -->
<testsuite hostname="TYSS-Amaya" failures="0" tests="1" name="TestScript.Beauty" time="215.897" errors="0" timestamp="2022-07-19T15:28:32 IST" skipped="0">
  <testcase classname="TestScript.Beauty" name="allow" time="215.897"/>
  <system-out/>
</testsuite> <!-- TestScript.Beauty -->
