<?xml version="1.0" encoding="UTF-8"?>
<!-- Generated by org.testng.reporters.JUnitReportReporter -->
<testsuite hostname="TYSS-Amaya" failures="0" tests="1" name="TestScript.VerifyMaps" time="193.996" errors="0" timestamp="2022-07-25T11:17:35 IST" skipped="0">
  <testcase classname="TestScript.VerifyMaps" name="restaurant" time="193.996"/>
  <system-out/>
</testsuite> <!-- TestScript.VerifyMaps -->
