<?xml version="1.0" encoding="UTF-8"?>
<!-- Generated by org.testng.reporters.JUnitReportReporter -->
<testsuite hostname="TYSS-Amaya" failures="0" tests="1" name="TestScript.Filter" time="212.652" errors="0" timestamp="2022-07-24T21:12:32 IST" skipped="0">
  <testcase classname="TestScript.Filter" name="allownow" time="212.652"/>
  <system-out/>
</testsuite> <!-- TestScript.Filter -->
