<?xml version="1.0" encoding="UTF-8"?>
<!-- Generated by org.testng.reporters.JUnitReportReporter -->
<testsuite hostname="TYSS-Amaya" failures="0" tests="1" name="TestScriptAndroid.DoctorsAppointment" time="71.728" errors="0" timestamp="2022-08-03T18:53:21 IST" skipped="0">
  <testcase classname="TestScriptAndroid.DoctorsAppointment" name="dovtor" time="71.728"/>
  <system-out/>
</testsuite> <!-- TestScriptAndroid.DoctorsAppointment -->
