<?xml version="1.0" encoding="UTF-8"?>
<!-- Generated by org.testng.reporters.JUnitReportReporter -->
<testsuite hostname="shanky-Lenovo-B40-70" name="IntegrationTests.tests.LoginTest" tests="1" failures="0" timestamp="10 Apr 2015 05:20:54 GMT" time="78.227" errors="0">
  <testcase name="verifyLoginLogoutTest" time="78.227" classname="IntegrationTests.tests.LoginTest"/>
</testsuite> <!-- IntegrationTests.tests.LoginTest -->
