<?xml version="1.0" encoding="UTF-8"?>
<!-- Generated by org.testng.reporters.JUnitReportReporter -->
<testsuite hostname="RIVLT0117653" name="IntegrationTests.Tests.LoginTest" tests="1" failures="0" timestamp="25 Aug 2017 03:38:30 GMT" time="43.210" errors="0">
  <testcase name="LoginVerification" time="43.210" classname="IntegrationTests.Tests.LoginTest"/>
</testsuite> <!-- IntegrationTests.Tests.LoginTest -->
