<?xml version="1.0" encoding="UTF-8"?>
<!-- Generated by org.testng.reporters.JUnitReportReporter -->
<testsuite hostname="shanky-Lenovo-B40-70" name="IntegrationTests.tests.payments.InvalidLoginTest" tests="1" failures="0" timestamp="22 Apr 2015 04:56:13 GMT" time="48.882" errors="0">
  <testcase name="verifyInvalidLoginTest" time="48.882" classname="IntegrationTests.tests.payments.InvalidLoginTest"/>
</testsuite> <!-- IntegrationTests.tests.payments.InvalidLoginTest -->
