<?xml version="1.0" encoding="UTF-8"?>
<!-- Generated by org.testng.reporters.JUnitReportReporter -->
<testsuite hostname="Sanjit-pc" name="IntegrationTests.tests.LoginTest" tests="1" failures="0" timestamp="10 Apr 2015 10:04:16 GMT" time="76.948" errors="0">
  <testcase name="verifyLoginLogoutTest" time="76.948" classname="IntegrationTests.tests.LoginTest"/>
</testsuite> <!-- IntegrationTests.tests.LoginTest -->
