<?xml version="1.0" encoding="UTF-8"?>
<!-- Generated by org.testng.reporters.JUnitReportReporter -->
<testsuite hostname="Sanjit-pc" name="IntegrationTests.tests.InvalidLoginTest" tests="1" failures="0" timestamp="10 Apr 2015 10:04:16 GMT" time="74.897" errors="0">
  <testcase name="verifyInvalidLoginTest" time="74.897" classname="IntegrationTests.tests.InvalidLoginTest"/>
</testsuite> <!-- IntegrationTests.tests.InvalidLoginTest -->
