<?xml version="1.0" encoding="UTF-8"?>
<!-- Generated by org.testng.reporters.JUnitReportReporter -->
<testsuite hostname="Sanjit-pc" name="IntegrationTests.tests.SavedConnectionsTest" tests="1" failures="1" timestamp="10 Apr 2015 10:04:16 GMT" time="96.115" errors="0">
  <testcase name="verifySavedConnectionsFeatures" time="96.115" classname="IntegrationTests.tests.SavedConnectionsTest">
    <failure type="org.openqa.selenium.remote.SessionNotFoundException" message="
Command duration or timeout: 16 milliseconds
Build info: version: &#039;2.43.1&#039;, revision: &#039;5163bce&#039;, time: &#039;2014-09-10 16:27:58&#039;
System info: host: &#039;Sanjit-pc&#039;, ip: &#039;192.168.56.1&#039;, os.name: &#039;Windows 8.1&#039;, os.arch: &#039;amd64&#039;, os.version: &#039;6.3&#039;, java.version: &#039;1.8.0_40&#039;
Driver info: io.appium.java_client.android.AndroidDriver
Capabilities [{app=D:\Automation\AutomationTests\UIAutomation\src\app\Mobikwik_beta.apk, networkConnectionEnabled=true, warnings={}, app-package=com.mobikwik_new, app-activity=.MobikwikMain, databaseEnabled=false, deviceName=Android Emulator, platform=LINUX, app-wait-activity=.MobikwikMain, desired={app=D:\Automation\AutomationTests\UIAutomation\src\app\Mobikwik_beta.apk, app-wait-activity=.MobikwikMain, app-package=com.mobikwik_new, app-activity=.MobikwikMain, platformName=Android, deviceName=Android Emulator}, platformVersion=4.1, webStorageEnabled=false, locationContextEnabled=false, browserName=Android, takesScreenshot=true, javascriptEnabled=true, platformName=Android}]
Session ID: 026be651-c9b7-4300-8f97-772c148235de">
      <![CDATA[org.openqa.selenium.remote.SessionNotFoundException: 
Command duration or timeout: 16 milliseconds
Build info: version: '2.43.1', revision: '5163bce', time: '2014-09-10 16:27:58'
System info: host: 'Sanjit-pc', ip: '192.168.56.1', os.name: 'Windows 8.1', os.arch: 'amd64', os.version: '6.3', java.version: '1.8.0_40'
Driver info: io.appium.java_client.android.AndroidDriver
Capabilities [{app=D:\Automation\AutomationTests\UIAutomation\src\app\Mobikwik_beta.apk, networkConnectionEnabled=true, warnings={}, app-package=com.mobikwik_new, app-activity=.MobikwikMain, databaseEnabled=false, deviceName=Android Emulator, platform=LINUX, app-wait-activity=.MobikwikMain, desired={app=D:\Automation\AutomationTests\UIAutomation\src\app\Mobikwik_beta.apk, app-wait-activity=.MobikwikMain, app-package=com.mobikwik_new, app-activity=.MobikwikMain, platformName=Android, deviceName=Android Emulator}, platformVersion=4.1, webStorageEnabled=false, locationContextEnabled=false, browserName=Android, takesScreenshot=true, javascriptEnabled=true, platformName=Android}]
Session ID: 026be651-c9b7-4300-8f97-772c148235de
	at sun.reflect.NativeConstructorAccessorImpl.newInstance0(Native Method)
	at sun.reflect.NativeConstructorAccessorImpl.newInstance(Unknown Source)
	at sun.reflect.DelegatingConstructorAccessorImpl.newInstance(Unknown Source)
	at java.lang.reflect.Constructor.newInstance(Unknown Source)
	at org.openqa.selenium.remote.ErrorHandler.createThrowable(ErrorHandler.java:204)
	at org.openqa.selenium.remote.ErrorHandler.throwIfResponseFailed(ErrorHandler.java:162)
	at org.openqa.selenium.remote.RemoteWebDriver.execute(RemoteWebDriver.java:599)
	at io.appium.java_client.AppiumDriver.execute(AppiumDriver.java:180)
	at org.openqa.selenium.remote.RemoteWebDriver.findElement(RemoteWebDriver.java:352)
	at org.openqa.selenium.remote.RemoteWebDriver.findElementByXPath(RemoteWebDriver.java:449)
	at org.openqa.selenium.By$ByXPath.findElement(By.java:357)
	at org.openqa.selenium.remote.RemoteWebDriver.findElement(RemoteWebDriver.java:344)
	at org.openqa.selenium.support.ui.ExpectedConditions.findElement(ExpectedConditions.java:730)
	at org.openqa.selenium.support.ui.ExpectedConditions.access$0(ExpectedConditions.java:728)
	at org.openqa.selenium.support.ui.ExpectedConditions$4.apply(ExpectedConditions.java:130)
	at org.openqa.selenium.support.ui.ExpectedConditions$4.apply(ExpectedConditions.java:1)
	at org.openqa.selenium.support.ui.FluentWait.until(FluentWait.java:208)
	at UITestFramework.MobiKwikScreen.waitForVisibility(Unknown Source)
	at IntegrationTests.helpers.phone.android.AndroidLoginHelper.mbLoginScreen(Unknown Source)
	at IntegrationTests.tests.SavedConnectionsTest.verifySavedConnectionsFeatures(Unknown Source)
	at sun.reflect.NativeMethodAccessorImpl.invoke0(Native Method)
	at sun.reflect.NativeMethodAccessorImpl.invoke(Unknown Source)
	at sun.reflect.DelegatingMethodAccessorImpl.invoke(Unknown Source)
	at java.lang.reflect.Method.invoke(Unknown Source)
	at org.testng.internal.MethodInvocationHelper.invokeMethod(MethodInvocationHelper.java:84)
	at org.testng.internal.Invoker.invokeMethod(Invoker.java:714)
	at org.testng.internal.Invoker.invokeTestMethod(Invoker.java:901)
	at org.testng.internal.Invoker.invokeTestMethods(Invoker.java:1231)
	at org.testng.internal.TestMethodWorker.invokeTestMethods(TestMethodWorker.java:127)
	at org.testng.internal.TestMethodWorker.run(TestMethodWorker.java:111)
	at org.testng.TestRunner.privateRun(TestRunner.java:767)
	at org.testng.TestRunner.run(TestRunner.java:617)
	at org.testng.SuiteRunner.runTest(SuiteRunner.java:334)
	at org.testng.SuiteRunner.runSequentially(SuiteRunner.java:329)
	at org.testng.SuiteRunner.privateRun(SuiteRunner.java:291)
	at org.testng.SuiteRunner.run(SuiteRunner.java:240)
	at org.testng.SuiteRunnerWorker.runSuite(SuiteRunnerWorker.java:52)
	at org.testng.SuiteRunnerWorker.run(SuiteRunnerWorker.java:86)
	at org.testng.TestNG.runSuitesSequentially(TestNG.java:1224)
	at org.testng.TestNG.runSuitesLocally(TestNG.java:1149)
	at org.testng.TestNG.run(TestNG.java:1057)
	at org.testng.TestNG.privateMain(TestNG.java:1364)
	at org.testng.TestNG.main(TestNG.java:1333)
]]>
    </failure>
  </testcase> <!-- verifySavedConnectionsFeatures -->
</testsuite> <!-- IntegrationTests.tests.SavedConnectionsTest -->
