<?xml version="1.0" encoding="UTF-8"?>
<!-- Generated by org.testng.reporters.JUnitReportReporter -->
<testsuite hostname="shanky-Lenovo-B40-70" name="IntegrationTests.Tests.LoginTest" tests="1" failures="0" timestamp="9 Aug 2015 07:06:08 GMT" time="46.914" errors="0">
  <testcase name="LoginVerification" time="46.914" classname="IntegrationTests.Tests.LoginTest"/>
</testsuite> <!-- IntegrationTests.Tests.LoginTest -->
